-------------------------------------------------------------------------------
Test set: com.runners.TestRunner
-------------------------------------------------------------------------------
Tests run: 1, Failures: 0, Errors: 1, Skipped: 0, Time elapsed: 5.732 s <<< FAILURE! - in com.runners.TestRunner
Tek School Retail Page login.Validate user is able to login to tek school retail website successfully  Time elapsed: 5.079 s  <<< ERROR!
java.lang.NoClassDefFoundError: org/apache/commons/io/output/UnsynchronizedByteArrayOutputStream
Caused by: java.lang.ClassNotFoundException: org.apache.commons.io.output.UnsynchronizedByteArrayOutputStream

