<?xml version="1.0" encoding="UTF-8"?>
<testsuite xmlns:xsi="http://www.w3.org/2001/XMLSchema-instance" xsi:noNamespaceSchemaLocation="https://maven.apache.org/surefire/maven-surefire-plugin/xsd/surefire-test-report-3.0.xsd" version="3.0" name="com.runners.TestRunner" time="6.229" tests="1" errors="1" skipped="0" failures="0">
  <properties>
[...]
</properties>
  <testcase name="Register with Tekschool Test Environment Website" classname="New User Registeration" time="5.616">
    <error message="org/apache/commons/io/output/UnsynchronizedByteArrayOutputStream" type="java.lang.NoClassDefFoundError"><![CDATA[java.lang.NoClassDefFoundError: org/apache/commons/io/output/UnsynchronizedByteArrayOutputStream
Caused by: java.lang.ClassNotFoundException: org.apache.commons.io.output.UnsynchronizedByteArrayOutputStream
]]></error>
    <system-out><![CDATA[
@RegisteringNewAccount
Scenario: Register with Tekschool Test Environment Website # src/test/resources/features/NewUserRegistration.feature:4
  Given I am on Test Environment Home Page                 # com.steps.definition.NewUserRegistrationStepDefinition.i_am_on_test_environment_home_page()
  When I click on My Account button                        # com.steps.definition.NewUserRegistrationStepDefinition.i_click_on_my_account_button()
  And I click on register link                             # com.steps.definition.NewUserRegistrationStepDefinition.i_click_on_register_link()
  And I fill the registration form                         # com.steps.definition.NewUserRegistrationStepDefinition.i_fill_the_registration_form()
      java.lang.NoClassDefFoundError: org/apache/commons/io/output/UnsynchronizedByteArrayOutputStream
	at org.apache.poi.poifs.filesystem.FileMagic.valueOf(FileMagic.java:177)
	at org.apache.poi.ss.usermodel.WorkbookFactory.create(WorkbookFactory.java:309)
	at org.apache.poi.ss.usermodel.WorkbookFactory.create(WorkbookFactory.java:277)
	at org.apache.poi.ss.usermodel.WorkbookFactory.create(WorkbookFactory.java:255)
	at com.utilities.ExcelUtillityTekRetailUserRegistration.setExcelFile(ExcelUtillityTekRetailUserRegistration.java:34)
	at com.steps.definition.NewUserRegistrationStepDefinition.i_fill_the_registration_form(NewUserRegistrationStepDefinition.java:28)
	at âœ½.I fill the registration form(file:///C:/Users/janal/OneDrive/Desktop/TEK%20School/Projects/MyProjects/bddautomationframework/src/test/resources/features/NewUserRegistration.feature:8)
Caused by: java.lang.ClassNotFoundException: org.apache.commons.io.output.UnsynchronizedByteArrayOutputStream
	at java.net.URLClassLoader.findClass(URLClassLoader.java:387)
	at java.lang.ClassLoader.loadClass(ClassLoader.java:418)
	at sun.misc.Launcher$AppClassLoader.loadClass(Launcher.java:355)
	at java.lang.ClassLoader.loadClass(ClassLoader.java:351)
	at org.apache.poi.poifs.filesystem.FileMagic.valueOf(FileMagic.java:177)
	at org.apache.poi.ss.usermodel.WorkbookFactory.create(WorkbookFactory.java:309)
	at org.apache.poi.ss.usermodel.WorkbookFactory.create(WorkbookFactory.java:277)
	at org.apache.poi.ss.usermodel.WorkbookFactory.create(WorkbookFactory.java:255)
	at com.utilities.ExcelUtillityTekRetailUserRegistration.setExcelFile(ExcelUtillityTekRetailUserRegistration.java:34)
	at com.steps.definition.NewUserRegistrationStepDefinition.i_fill_the_registration_form(NewUserRegistrationStepDefinition.java:28)
	at sun.reflect.NativeMethodAccessorImpl.invoke0(Native Method)
	at sun.reflect.NativeMethodAccessorImpl.invoke(NativeMethodAccessorImpl.java:62)
	at sun.reflect.DelegatingMethodAccessorImpl.invoke(DelegatingMethodAccessorImpl.java:43)
	at java.lang.reflect.Method.invoke(Method.java:498)
	at io.cucumber.java.Invoker.doInvoke(Invoker.java:66)
	at io.cucumber.java.Invoker.invoke(Invoker.java:24)
	at io.cucumber.java.AbstractGlueDefinition.invokeMethod(AbstractGlueDefinition.java:47)
	at io.cucumber.java.JavaStepDefinition.execute(JavaStepDefinition.java:29)
	at io.cucumber.core.runner.CoreStepDefinition.execute(CoreStepDefinition.java:66)
	at io.cucumber.core.runner.PickleStepDefinitionMatch.runStep(PickleStepDefinitionMatch.java:63)
	at io.cucumber.core.runner.ExecutionMode$1.execute(ExecutionMode.java:10)
	at io.cucumber.core.runner.TestStep.executeStep(TestStep.java:92)
	at io.cucumber.core.runner.TestStep.run(TestStep.java:64)
	at io.cucumber.core.runner.PickleStepTestStep.run(PickleStepTestStep.java:51)
	at io.cucumber.core.runner.TestCase.run(TestCase.java:104)
	at io.cucumber.core.runner.Runner.runPickle(Runner.java:71)
	at io.cucumber.junit.PickleRunners$NoStepDescriptions.run(PickleRunners.java:151)
	at io.cucumber.junit.FeatureRunner.runChild(FeatureRunner.java:135)
	at io.cucumber.junit.FeatureRunner.runChild(FeatureRunner.java:27)
	at org.junit.runners.ParentRunner$4.run(ParentRunner.java:331)
	at org.junit.runners.ParentRunner$1.schedule(ParentRunner.java:79)
	at org.junit.runners.ParentRunner.runChildren(ParentRunner.java:329)
	at org.junit.runners.ParentRunner.access$100(ParentRunner.java:66)
	at org.junit.runners.ParentRunner$2.evaluate(ParentRunner.java:293)
	at org.junit.runners.ParentRunner$3.evaluate(ParentRunner.java:306)
	at org.junit.runners.ParentRunner.run(ParentRunner.java:413)
	at io.cucumber.junit.Cucumber.runChild(Cucumber.java:199)
	at io.cucumber.junit.Cucumber.runChild(Cucumber.java:90)
	at org.junit.runners.ParentRunner$4.run(ParentRunner.java:331)
	at org.junit.runners.ParentRunner$1.schedule(ParentRunner.java:79)
	at org.junit.runners.ParentRunner.runChildren(ParentRunner.java:329)
	at org.junit.runners.ParentRunner.access$100(ParentRunner.java:66)
	at org.junit.runners.ParentRunner$2.evaluate(ParentRunner.java:293)
	at io.cucumber.junit.Cucumber$RunCucumber.evaluate(Cucumber.java:234)
	at org.junit.runners.ParentRunner$3.evaluate(ParentRunner.java:306)
	at org.junit.runners.ParentRunner.run(ParentRunner.java:413)
	at org.apache.maven.surefire.junit4.JUnit4Provider.execute(JUnit4Provider.java:365)
	at org.apache.maven.surefire.junit4.JUnit4Provider.executeWithRerun(JUnit4Provider.java:273)
	at org.apache.maven.surefire.junit4.JUnit4Provider.executeTestSet(JUnit4Provider.java:238)
	at org.apache.maven.surefire.junit4.JUnit4Provider.invoke(JUnit4Provider.java:159)
	at org.apache.maven.surefire.booter.ForkedBooter.runSuitesInProcess(ForkedBooter.java:377)
	at org.apache.maven.surefire.booter.ForkedBooter.execute(ForkedBooter.java:138)
	at org.apache.maven.surefire.booter.ForkedBooter.run(ForkedBooter.java:465)
	at org.apache.maven.surefire.booter.ForkedBooter.main(ForkedBooter.java:451)

  And I subscribe to newsletter                            # com.steps.definition.NewUserRegistrationStepDefinition.i_subscribe_to_newsletter()
  And I agree to privacy policy                            # com.steps.definition.NewUserRegistrationStepDefinition.i_agree_to_privacy_policy()
  And I click on continue button                           # com.steps.definition.NewUserRegistrationStepDefinition.i_click_on_continue_button()
  Then I validate my account is created successfully       # com.steps.definition.NewUserRegistrationStepDefinition.i_validate_my_account_is_created_successfully()

    Embedding Register with Tekschool Test Environment Website [image/png 106805 bytes]

]]></system-out>
    <system-err><![CDATA[Starting ChromeDriver 105.0.5195.52 (412c95e518836d8a7d97250d62b29c2ae6a26a85-refs/branch-heads/5195@{#853}) on port 43692
Only local connections are allowed.
Please see https://chromedriver.chromium.org/security-considerations for suggestions on keeping ChromeDriver safe.
ChromeDriver was started successfully.
Oct 02, 2022 2:55:22 PM org.openqa.selenium.remote.ProtocolHandshake createSession
INFO: Detected dialect: W3C
]]></system-err>
  </testcase>
</testsuite>